cd tms/tms-service && mvn spring-boot:run -Dspring-boot.run.profiles=dev
[[1;34mINFO[m] Scanning for projects...
[[1;34mINFO[m] 
[[1;34mINFO[m] [1m----------------------< [0;36mfr.cargo.tms:tms-service[0;1m >----------------------[m
[[1;34mINFO[m] [1mBuilding tms-service 0.0.1-SNAPSHOT[m
[[1;34mINFO[m] [1m--------------------------------[ jar ]---------------------------------[m
[[1;34mINFO[m] 
[[1;34mINFO[m] [1m>>> [0;32mspring-boot-maven-plugin:3.5.6:run[m [1m(default-cli)[0;1m > [0;1mtest-compile[m @ [36mtms-service[0;1m >>>[m
[[1;34mINFO[m] 
[[1;34mINFO[m] [1m--- [0;32mgit-commit-id-plugin:4.0.4:revision[m [1m(default)[m @ [36mtms-service[0;1m ---[m
[[1;34mINFO[m] 
[[1;34mINFO[m] [1m--- [0;32mspring-boot-maven-plugin:3.5.6:build-info[m [1m(default)[m @ [36mtms-service[0;1m ---[m
[[1;34mINFO[m] 
[[1;34mINFO[m] [1m--- [0;32mmaven-resources-plugin:3.3.1:resources[m [1m(default-resources)[m @ [36mtms-service[0;1m ---[m
[[1;34mINFO[m] Copying 3 resources from src/main/resources to target/classes
[[1;34mINFO[m] Copying 1 resource from src/main/resources to target/classes
[[1;34mINFO[m] 
[[1;34mINFO[m] [1m--- [0;32mmaven-compiler-plugin:3.13.0:compile[m [1m(default-compile)[m @ [36mtms-service[0;1m ---[m
[[1;34mINFO[m] Nothing to compile - all classes are up to date.
[[1;34mINFO[m] 
[[1;34mINFO[m] [1m--- [0;32mmaven-resources-plugin:3.3.1:testResources[m [1m(default-testResources)[m @ [36mtms-service[0;1m ---[m
[[1;34mINFO[m] Copying 2 resources from src/test/resources to target/test-classes
[[1;34mINFO[m] 
[[1;34mINFO[m] [1m--- [0;32mmaven-compiler-plugin:3.13.0:testCompile[m [1m(default-testCompile)[m @ [36mtms-service[0;1m ---[m
[[1;34mINFO[m] Nothing to compile - all classes are up to date.
[[1;34mINFO[m] 
[[1;34mINFO[m] [1m<<< [0;32mspring-boot-maven-plugin:3.5.6:run[m [1m(default-cli)[0;1m < [0;1mtest-compile[m @ [36mtms-service[0;1m <<<[m
[[1;34mINFO[m] 
[[1;34mINFO[m] 
[[1;34mINFO[m] [1m--- [0;32mspring-boot-maven-plugin:3.5.6:run[m [1m(default-cli)[m @ [36mtms-service[0;1m ---[m
[[1;34mINFO[m] Attaching agents: []

  .   ____          _            __ _ _
 /\\ / ___'_ __ _ _(_)_ __  __ _ \ \ \ \
( ( )\___ | '_ | '_| | '_ \/ _` | \ \ \ \
 \\/  ___)| |_)| | | | | || (_| |  ) ) ) )
  '  |____| .__|_| |_|_| |_\__, | / / / /
 =========|_|==============|___/=/_/_/_/

 :: Spring Boot ::                (v3.5.6)

2025-09-26T14:25:48.523+02:00  INFO 925607 --- [tms-service] [           main] fr.cargo.tms.TmsServiceApplication       : Starting TmsServiceApplication using Java 21.0.8 with PID 925607 (/home/bilonjea/dev/workspace/cargo-tms/tms/tms-service/target/classes started by bilonjea in /home/bilonjea/dev/workspace/cargo-tms/tms/tms-service)
2025-09-26T14:25:48.525+02:00  INFO 925607 --- [tms-service] [           main] fr.cargo.tms.TmsServiceApplication       : The following 1 profile is active: "dev"
2025-09-26T14:25:49.449+02:00  INFO 925607 --- [tms-service] [           main] .s.d.r.c.RepositoryConfigurationDelegate : Bootstrapping Spring Data JPA repositories in DEFAULT mode.
2025-09-26T14:25:49.499+02:00  INFO 925607 --- [tms-service] [           main] .s.d.r.c.RepositoryConfigurationDelegate : Finished Spring Data repository scanning in 43 ms. Found 2 JPA repository interfaces.
2025-09-26T14:25:49.812+02:00  INFO 925607 --- [tms-service] [           main] o.s.b.w.embedded.tomcat.TomcatWebServer  : Tomcat initialized with port 8080 (http)
2025-09-26T14:25:49.822+02:00  INFO 925607 --- [tms-service] [           main] o.apache.catalina.core.StandardService   : Starting service [Tomcat]
2025-09-26T14:25:49.822+02:00  INFO 925607 --- [tms-service] [           main] o.apache.catalina.core.StandardEngine    : Starting Servlet engine: [Apache Tomcat/10.1.46]
2025-09-26T14:25:49.860+02:00  INFO 925607 --- [tms-service] [           main] o.a.c.c.C.[.[.[/tms-service_v1]          : Initializing Spring embedded WebApplicationContext
2025-09-26T14:25:49.860+02:00  INFO 925607 --- [tms-service] [           main] w.s.c.ServletWebServerApplicationContext : Root WebApplicationContext: initialization completed in 1301 ms
2025-09-26T14:25:50.025+02:00  INFO 925607 --- [tms-service] [           main] com.zaxxer.hikari.HikariDataSource       : HikariPool-1 - Starting...
2025-09-26T14:25:50.152+02:00  INFO 925607 --- [tms-service] [           main] com.zaxxer.hikari.pool.HikariPool        : HikariPool-1 - Added connection org.postgresql.jdbc.PgConnection@657b3b
2025-09-26T14:25:50.154+02:00  INFO 925607 --- [tms-service] [           main] com.zaxxer.hikari.HikariDataSource       : HikariPool-1 - Start completed.
2025-09-26T14:25:50.620+02:00  INFO 925607 --- [tms-service] [           main] liquibase.changelog                      : Reading from public.databasechangelog
Database is up to date, no changesets to execute
2025-09-26T14:25:50.675+02:00  INFO 925607 --- [tms-service] [           main] liquibase.changelog                      : Reading from public.databasechangelog
2025-09-26T14:25:50.680+02:00  INFO 925607 --- [tms-service] [           main] liquibase.util                           : UPDATE SUMMARY
2025-09-26T14:25:50.681+02:00  INFO 925607 --- [tms-service] [           main] liquibase.util                           : Run:                          0
2025-09-26T14:25:50.681+02:00  INFO 925607 --- [tms-service] [           main] liquibase.util                           : Previously run:               5
2025-09-26T14:25:50.681+02:00  INFO 925607 --- [tms-service] [           main] liquibase.util                           : Filtered out:                 0
2025-09-26T14:25:50.681+02:00  INFO 925607 --- [tms-service] [           main] liquibase.util                           : -------------------------------
2025-09-26T14:25:50.681+02:00  INFO 925607 --- [tms-service] [           main] liquibase.util                           : Total change sets:            5


UPDATE SUMMARY
Run:                          0
Previously run:               5
Filtered out:                 0
-------------------------------
Total change sets:            5

2025-09-26T14:25:50.682+02:00  INFO 925607 --- [tms-service] [           main] liquibase.util                           : Update summary generated
2025-09-26T14:25:50.698+02:00  INFO 925607 --- [tms-service] [           main] liquibase.lockservice                    : Successfully released change log lock
2025-09-26T14:25:50.699+02:00  INFO 925607 --- [tms-service] [           main] liquibase.command                        : Command execution complete
2025-09-26T14:25:50.758+02:00  INFO 925607 --- [tms-service] [           main] o.hibernate.jpa.internal.util.LogHelper  : HHH000204: Processing PersistenceUnitInfo [name: default]
2025-09-26T14:25:50.788+02:00  INFO 925607 --- [tms-service] [           main] org.hibernate.Version                    : HHH000412: Hibernate ORM core version 6.6.29.Final
2025-09-26T14:25:50.809+02:00  INFO 925607 --- [tms-service] [           main] o.h.c.internal.RegionFactoryInitiator    : HHH000026: Second-level cache disabled
2025-09-26T14:25:50.993+02:00  INFO 925607 --- [tms-service] [           main] o.s.o.j.p.SpringPersistenceUnitInfo      : No LoadTimeWeaver setup: ignoring JPA class transformer
2025-09-26T14:25:51.042+02:00  INFO 925607 --- [tms-service] [           main] org.hibernate.orm.connections.pooling    : HHH10001005: Database info:
	Database JDBC URL [Connecting through datasource 'HikariDataSource (HikariPool-1)']
	Database driver: undefined/unknown
	Database version: 16.10
	Autocommit mode: undefined/unknown
	Isolation level: undefined/unknown
	Minimum pool size: undefined/unknown
	Maximum pool size: undefined/unknown
2025-09-26T14:25:51.706+02:00  INFO 925607 --- [tms-service] [           main] o.h.e.t.j.p.i.JtaPlatformInitiator       : HHH000489: No JTA platform available (set 'hibernate.transaction.jta.platform' to enable JTA platform integration)
2025-09-26T14:25:51.708+02:00  INFO 925607 --- [tms-service] [           main] j.LocalContainerEntityManagerFactoryBean : Initialized JPA EntityManagerFactory for persistence unit 'default'
2025-09-26T14:25:51.911+02:00  INFO 925607 --- [tms-service] [           main] o.s.d.j.r.query.QueryEnhancerFactory     : Hibernate is in classpath; If applicable, HQL parser will be used.
2025-09-26T14:25:53.145+02:00  INFO 925607 --- [tms-service] [           main] o.s.b.a.e.web.EndpointLinksResolver      : Exposing 14 endpoints beneath base path '/actuator'
2025-09-26T14:25:53.204+02:00  WARN 925607 --- [tms-service] [           main] ConfigServletWebServerApplicationContext : Exception encountered during context initialization - cancelling refresh attempt: org.springframework.context.ApplicationContextException: Failed to start bean 'webServerStartStop'
2025-09-26T14:25:53.206+02:00  INFO 925607 --- [tms-service] [           main] j.LocalContainerEntityManagerFactoryBean : Closing JPA EntityManagerFactory for persistence unit 'default'
2025-09-26T14:25:53.207+02:00  INFO 925607 --- [tms-service] [           main] com.zaxxer.hikari.HikariDataSource       : HikariPool-1 - Shutdown initiated...
2025-09-26T14:25:53.209+02:00  INFO 925607 --- [tms-service] [           main] com.zaxxer.hikari.HikariDataSource       : HikariPool-1 - Shutdown completed.
2025-09-26T14:25:53.223+02:00  INFO 925607 --- [tms-service] [           main] .s.b.a.l.ConditionEvaluationReportLogger : 

Error starting ApplicationContext. To display the condition evaluation report re-run your application with 'debug' enabled.
2025-09-26T14:25:53.234+02:00 ERROR 925607 --- [tms-service] [           main] o.s.b.d.LoggingFailureAnalysisReporter   : 

***************************
APPLICATION FAILED TO START
***************************

Description:

Web server failed to start. Port 8080 was already in use.

Action:

Identify and stop the process that's listening on port 8080 or configure this application to listen on another port.

[[1;34mINFO[m] [1m------------------------------------------------------------------------[m
[[1;34mINFO[m] [1;31mBUILD FAILURE[m
[[1;34mINFO[m] [1m------------------------------------------------------------------------[m
[[1;34mINFO[m] Total time:  7.525 s
[[1;34mINFO[m] Finished at: 2025-09-26T14:25:53+02:00
[[1;34mINFO[m] [1m------------------------------------------------------------------------[m
[[1;31mERROR[m] Failed to execute goal [32morg.springframework.boot:spring-boot-maven-plugin:3.5.6:run[m [1m(default-cli)[m on project [36mtms-service[m: [1;31mProcess terminated with exit code: 1[m -> [1m[Help 1][m
[[1;31mERROR[m] 
[[1;31mERROR[m] To see the full stack trace of the errors, re-run Maven with the [1m-e[m switch.
[[1;31mERROR[m] Re-run Maven using the [1m-X[m switch to enable full debug logging.
[[1;31mERROR[m] 
[[1;31mERROR[m] For more information about the errors and possible solutions, please read the following articles:
[[1;31mERROR[m] [1m[Help 1][m http://cwiki.apache.org/confluence/display/MAVEN/MojoExecutionException
make: *** [Makefile:22: run-backend] Error 1
